Date,Time,Seconds,Temperature,Humidity,whiteLight,irLight
20180625,221856,1529979536.1587248,28.9,1.0,,
20180625,221857,1529979537.8810952,28.8,1.0,,
20180625,221901,1529979541.707541,28.8,1.0,,
20180625,221903,1529979543.4282496,28.8,1.0,,
20180625,221907,1529979547.2424061,28.8,1.0,,
20180625,221908,1529979548.980358,28.8,1.0,,
20180625,221912,1529979552.7761843,28.8,1.0,,
20180625,221914,1529979554.5149882,28.8,1.0,,
20180625,221918,1529979558.316101,28.8,1.0,,
20180625,221920,1529979560.0500402,28.8,1.0,,
20180625,221923,1529979563.8564532,28.8,1.0,,
20180625,221925,1529979565.6064057,28.8,1.0,,
20180625,221929,1529979569.3942397,28.9,1.0,,
20180625,221931,1529979571.1564927,28.8,1.0,,
20180625,221934,1529979574.9281323,28.8,1.0,,
20180625,221936,1529979576.6910806,28.8,1.0,,
20180625,221940,1529979580.4621384,28.8,1.0,,
20180625,221942,1529979582.225943,28.8,1.0,,
20180625,221945,1529979585.9960577,28.8,1.0,,
20180625,221950,1529979590.2890992,28.8,1.0,,
20180625,221951,1529979591.530109,28.8,1.0,,
20180625,221955,1529979595.835458,28.8,1.0,,
20180625,221957,1529979597.0702353,28.8,1.0,,
20180625,222001,1529979601.369369,28.8,1.0,,
20180625,222002,1529979602.6100688,28.8,1.0,,
20180625,222006,1529979606.9207702,28.8,1.0,,
20180625,222008,1529979608.150148,28.8,1.0,,
20180625,222012,1529979612.455622,28.8,1.0,,
20180625,222013,1529979613.6901333,28.8,1.0,,
20180625,222018,1529979618.00213,28.8,1.0,,
20180625,222019,1529979619.2297301,28.8,1.0,,
20180625,222023,1529979623.5384927,28.8,1.0,,
20180625,222024,1529979624.7638352,28.8,1.0,,
20180625,222029,1529979629.074742,28.8,1.0,,
20180625,222030,1529979630.303393,28.8,1.0,,
20180625,222034,1529979634.6094773,28.8,1.0,,
20180625,222035,1529979635.8421063,28.8,1.0,,
20180625,222040,1529979640.160163,28.8,1.0,,
20180625,222041,1529979641.3822029,28.8,1.0,,
20180625,222045,1529979645.7065492,28.8,1.0,,
20180625,222046,1529979646.922338,28.8,1.0,,
20180625,222051,1529979651.2411404,28.8,1.0,,
20180625,222052,1529979652.461968,28.8,1.0,,
20180625,222056,1529979656.787636,28.7,1.0,,
20180625,222058,1529979658.0020826,28.8,1.0,,
20180625,222102,1529979662.3223462,28.8,1.0,,
20180625,222103,1529979663.540658,28.8,1.0,,
20180625,222107,1529979667.873581,28.8,1.0,,
20180625,222109,1529979669.0809348,28.8,1.0,,
20180625,222113,1529979673.4084115,28.7,1.0,,
20180625,222114,1529979674.6149147,28.8,1.0,,
20180625,222118,1529979678.9594932,28.8,1.0,,
20180625,222120,1529979680.1550748,28.8,1.0,,
20180625,222124,1529979684.5161822,28.8,1.0,,
20180625,222125,1529979685.6889915,28.8,1.0,,
20180625,222131,1529979691.2290022,28.8,1.0,,
20180625,222130,1529979690.0509043,28.7,1.0,,
20180625,222138,1529979698.1259491,28.8,1.0,,
20180625,222136,1529979696.7666163,28.7,1.0,,
20180625,222143,1529979703.6659093,28.7,1.0,,
20180625,222144,1529979704.8286889,28.8,1.0,,
20180625,222150,1529979710.3627229,28.8,1.0,,
20180625,222149,1529979709.216471,28.8,1.0,,
20180625,222155,1529979715.8967109,28.7,1.0,,
20180625,222157,1529979717.2829623,28.8,1.0,,
20180625,222201,1529979721.4344587,28.8,1.0,,
20180625,222202,1529979722.8335607,28.8,1.0,,
20180625,222206,1529979726.9718723,28.7,1.0,,
20180625,222208,1529979728.3688314,28.8,1.0,,
20180625,222212,1529979732.5095987,28.8,1.0,,
20180625,222213,1529979733.9153347,28.7,1.0,,
20180625,222218,1529979738.0470898,28.7,1.0,,
20180625,222219,1529979739.450653,28.8,1.0,,
20180625,222223,1529979743.5846808,28.8,1.0,,
20180625,222225,1529979745.0033798,28.8,1.0,,
20180625,222229,1529979749.1220248,28.8,1.0,,
20180625,222230,1529979750.5465393,28.8,1.0,,
20180625,222234,1529979754.6566722,28.7,1.0,,
20180625,222236,1529979756.097216,28.8,1.0,,
20180625,222240,1529979760.1966362,28.7,1.0,,
20180625,222241,1529979761.6320953,28.8,1.0,,
20180625,222245,1529979765.7312996,28.7,1.0,,
20180625,222247,1529979767.1672268,28.8,1.0,,
20180625,222251,1529979771.2714608,28.7,1.0,,
20180625,222252,1529979772.7184074,28.8,1.0,,
20180625,222258,1529979778.253362,28.8,1.0,,
20180625,222256,1529979776.8062801,28.8,1.0,,
20180625,222303,1529979783.7942283,28.7,1.0,,
20180625,222304,1529979784.8687978,28.8,1.0,,
20180625,222309,1529979789.3319156,28.7,1.0,,
20180625,222310,1529979790.403288,28.7,1.0,,
20180625,222314,1529979794.8834724,28.7,1.0,,
20180625,222315,1529979795.9380107,28.8,1.0,,
20180625,222320,1529979800.4213219,28.7,1.0,,
20180625,222321,1529979801.4723923,28.8,1.0,,
20180625,222325,1529979805.9734902,28.7,1.0,,
20180625,222327,1529979807.006962,28.8,1.0,,
20180625,222331,1529979811.5089474,28.8,1.0,,
20180625,222332,1529979812.5410044,28.8,1.0,,
20180625,222337,1529979817.0569568,28.8,1.0,,
20180625,222338,1529979818.0753844,28.7,1.0,,
20180625,222345,1529979825.1235752,28.7,1.0,,
20180625,222346,1529979826.1378446,28.8,1.0,,
20180625,222350,1529979830.6744204,28.7,1.0,,
20180625,222351,1529979831.6721532,28.7,1.0,,
20180625,222356,1529979836.2250276,28.7,1.0,,
20180625,222357,1529979837.206155,28.8,1.0,,
20180625,222401,1529979841.7764766,28.8,1.0,,
20180625,222402,1529979842.7399979,28.8,1.0,,
20180625,222407,1529979847.3144345,28.8,1.0,,
20180625,222408,1529979848.2742586,28.7,1.0,,
20180625,222412,1529979852.8650281,28.7,1.0,,
20180625,222413,1529979853.80881,28.8,1.0,,
20180625,222418,1529979858.4048538,28.7,1.0,,
20180625,222419,1529979859.3431413,28.8,1.0,,
20180625,222424,1529979864.8776498,28.8,1.0,,
20180625,222423,1529979863.956661,28.8,1.0,,
20180625,222430,1529979870.4121335,28.7,1.0,,
20180625,222432,1529979872.0399082,28.8,1.0,,
20180625,222435,1529979875.9502692,28.7,1.0,,
20180625,222437,1529979877.5781522,28.8,1.0,,
20180625,222441,1529979881.488342,28.7,1.0,,
20180625,222443,1529979883.1284735,28.8,1.0,,
20180625,222447,1529979887.0258749,28.8,1.0,,
20180625,222448,1529979888.6632395,28.7,1.0,,
20180625,222452,1529979892.563266,28.8,1.0,,
20180625,222454,1529979894.1981633,28.8,1.0,,
20180625,222458,1529979898.1005108,28.7,1.0,,
20180625,222459,1529979899.748756,28.8,1.0,,
20180625,222503,1529979903.6352215,28.7,1.0,,
20180625,222505,1529979905.283405,28.7,1.0,,
20180625,222509,1529979909.1727936,28.8,1.0,,
20180625,222510,1529979910.834699,28.7,1.0,,
20180625,222514,1529979914.7070158,28.8,1.0,,
20180625,222516,1529979916.3697844,28.8,1.0,,
20180625,222520,1529979920.246245,28.7,1.0,,
20180625,222521,1529979921.9201236,28.7,1.0,,
20180625,222525,1529979925.780922,28.7,1.0,,
20180625,222527,1529979927.45497,28.8,1.0,,
20180625,222531,1529979931.3212726,28.7,1.0,,
20180625,222533,1529979933.0049155,28.8,1.0,,
20180625,222536,1529979936.8591769,28.7,1.0,,
20180625,222538,1529979938.5395465,28.7,1.0,,
20180625,222542,1529979942.3936882,28.8,1.0,,
20180625,222544,1529979944.0747066,28.7,1.0,,
20180625,222547,1529979947.9283476,28.7,1.0,,
20180625,222549,1529979949.6097162,28.7,1.0,,
20180625,222553,1529979953.4658115,28.7,1.0,,
20180625,222555,1529979955.161021,28.8,1.0,,
20180625,222559,1529979959.0034842,28.8,1.0,,
20180625,222600,1529979960.6952708,28.7,1.0,,
20180625,222604,1529979964.537407,28.8,1.0,,
20180625,222606,1529979966.2306197,28.8,1.0,,
20180625,222610,1529979970.076823,28.8,1.0,,
20180625,222611,1529979971.7815678,28.7,1.0,,
20180625,222615,1529979975.6110044,28.8,1.0,,
20180625,222617,1529979977.3167956,28.8,1.0,,
20180625,222621,1529979981.150787,28.8,1.0,,
20180625,222622,1529979982.867825,28.8,1.0,,
20180625,222626,1529979986.6901548,28.7,1.0,,
20180625,222628,1529979988.4026175,28.8,1.0,,
20180625,223142,1529980302.8527777,28.8,1.0,,
20180625,223144,1529980304.563071,28.7,1.0,,
20180625,223148,1529980308.399762,28.7,1.0,,
20180625,223150,1529980310.108405,28.7,1.0,,
20180625,223153,1529980313.9349205,28.7,1.0,,
20180625,223155,1529980315.6476521,28.7,1.0,,
20180625,223159,1529980319.4688303,28.7,1.0,,
20180625,223201,1529980321.1858923,28.7,1.0,,
20180625,223205,1529980325.0028815,28.7,1.0,,
20180625,223206,1529980326.7371588,28.7,1.0,,
20180625,223210,1529980330.53704,28.7,1.0,,
20180625,223212,1529980332.2753763,28.7,1.0,,
20180625,223216,1529980336.0711281,28.7,1.0,,
20180625,223217,1529980337.8197117,28.7,1.0,,
20180625,223221,1529980341.6049762,28.7,1.0,,
20180625,223223,1529980343.3544798,28.7,1.0,,
20180625,223227,1529980347.1391315,28.7,1.0,,
20180625,223228,1529980348.906431,28.7,1.0,,
20180625,223232,1529980352.673303,28.7,1.0,,
20180625,223234,1529980354.4548144,28.7,1.0,,
20180625,223238,1529980358.2073472,28.7,1.0,,
20180625,223240,1529980360.0072718,28.7,1.0,,
20180625,223243,1529980363.7413816,28.7,1.0,,
20180625,223245,1529980365.5511115,28.7,1.0,,
20180625,224309,1529980989.0189276,28.7,1.0,,
20180625,224310,1529980990.7210104,28.6,1.0,,
20180625,224314,1529980994.5679147,28.6,1.0,,
20180625,224318,1529980998.8075612,28.6,1.0,,
20180625,224320,1529981000.1031876,28.6,1.0,,
20180625,224324,1529981004.3423665,28.6,1.0,,
20180625,224325,1529981005.6374261,28.6,1.0,,
20180625,224329,1529981009.8891463,28.6,1.0,,
20180625,224331,1529981011.171693,28.6,1.0,,
20180625,224335,1529981015.4238367,28.6,1.0,,
20180625,224336,1529981016.7059307,28.6,1.0,,
20180625,224340,1529981020.970619,28.6,1.0,,
20180625,224342,1529981022.240275,28.7,1.0,,
20180625,224346,1529981026.5094144,28.6,1.0,,
20180625,224347,1529981027.774617,28.6,1.0,,
20180625,224352,1529981032.0610116,28.6,1.0,,
20180625,224353,1529981033.3089738,28.6,1.0,,
20180625,224357,1529981037.6164196,28.6,1.0,,
20180625,224358,1529981038.8432493,28.6,1.0,,
20180625,224403,1529981043.1561203,28.7,1.0,,
20180625,224404,1529981044.376666,28.7,1.0,,
20180625,224408,1529981048.702574,28.7,1.0,,
20180625,224409,1529981049.9108455,28.6,1.0,,
20180625,224411,1529981051.643004,28.7,1.0,,
20180625,224415,1529981055.4447112,28.7,1.0,,
20180625,224417,1529981057.1865118,28.6,1.0,,
20180625,224420,1529981060.9798577,28.7,1.0,,
20180625,224422,1529981062.7394335,28.6,1.0,,
20180625,224426,1529981066.5143492,28.7,1.0,,
20180625,224428,1529981068.2751698,28.7,1.0,,
20180625,224432,1529981072.054344,28.7,1.0,,
20180625,224433,1529981073.827669,28.7,1.0,,
20180625,224437,1529981077.5887506,28.7,1.0,,
20180625,224439,1529981079.3632457,28.7,1.0,,
20180625,224443,1529981083.1288338,28.7,1.0,,
20180625,224444,1529981084.9140043,28.7,1.0,,
20180625,224448,1529981088.6689966,28.7,1.0,,
20180625,224450,1529981090.4502199,28.7,1.0,,
20180625,224454,1529981094.2091072,28.7,1.0,,
20180625,224456,1529981096.0021534,28.7,1.0,,
20180625,224459,1529981099.749748,28.7,1.0,,
20180625,224501,1529981101.554034,28.7,1.0,,
20180625,224507,1529981107.089171,28.7,1.0,,
20180625,224505,1529981105.2876513,28.7,1.0,,
20180625,224512,1529981112.6403193,28.7,1.0,,
20180625,224518,1529981118.1925666,28.7,1.0,,
20180625,224513,1529981113.3505332,28.7,1.0,,
20180625,224523,1529981123.743696,28.7,1.0,,
20180625,224526,1529981126.471541,28.7,1.0,,
20180625,224529,1529981129.2824755,28.7,1.0,,
20180625,224532,1529981132.005453,28.7,1.0,,
20180625,224534,1529981134.8333688,28.7,1.0,,
20180625,224537,1529981137.5393803,28.7,1.0,,
20180625,224540,1529981140.3719096,28.7,1.0,,
20180625,224543,1529981143.0733302,28.7,1.0,,
20180625,224545,1529981145.9252877,28.7,1.0,,
20180625,224548,1529981148.6072972,28.7,1.0,,
20180625,224551,1529981151.4643788,28.7,1.0,,
20180625,224554,1529981154.141152,28.7,1.0,,
20180625,224557,1529981157.0168803,28.7,1.0,,
20180625,224602,1529981162.207194,28.7,1.0,,
20180625,224605,1529981165.0968757,28.7,1.0,,
20180625,224610,1529981170.2694812,28.7,1.0,,
20180625,224613,1529981173.175632,28.7,1.0,,
20180625,224615,1529981175.8095083,28.7,1.0,,
20180625,224618,1529981178.727291,28.7,1.0,,
20180625,224621,1529981181.3472526,28.7,1.0,,
20180625,224624,1529981184.2639744,28.7,1.0,,
20180625,224629,1529981189.409198,28.7,1.0,,
20180625,224632,1529981192.3283966,28.7,1.0,,
20180625,224634,1529981194.9489655,28.7,1.0,,
20180625,224640,1529981200.396946,28.7,1.0,,
20180625,224643,1529981203.0101798,28.7,1.0,,
20180625,224645,1529981205.9486196,28.7,1.0,,
20180625,224648,1529981208.5440931,28.7,1.0,,
20180625,224651,1529981211.4874337,28.7,1.0,,
20180625,224654,1529981214.078111,28.7,1.0,,
20180625,224657,1529981217.0393698,28.7,1.0,,
20180625,224659,1529981219.6120422,28.7,1.0,,
20180625,224702,1529981222.5781093,28.7,1.0,,
20180625,224705,1529981225.1459794,28.6,1.0,,
20180625,224710,1529981230.6582022,28.7,1.0,,
20180625,224713,1529981233.2072601,28.7,1.0,,
20180625,224716,1529981236.2107239,28.7,1.0,,
20180625,224718,1529981238.741396,28.6,1.0,,
20180625,224721,1529981241.7642934,28.7,1.0,,
20180625,224724,1529981244.2752857,28.7,1.0,,
20180625,224727,1529981247.3009732,28.7,1.0,,
20180625,224729,1529981249.8127818,28.7,1.0,,
20180625,224732,1529981252.852146,28.6,1.0,,
20180625,224735,1529981255.346841,28.7,1.0,,
20180625,224738,1529981258.3886569,28.7,1.0,,
20180625,224740,1529981260.8867948,28.7,1.0,,
20180625,224743,1529981263.9401174,28.7,1.0,,
20180625,224746,1529981266.4249315,28.7,1.0,,
20180625,224749,1529981269.476966,28.7,1.0,,
20180625,224751,1529981271.962759,28.7,1.0,,
20180625,224755,1529981275.028234,28.7,1.0,,
20180625,224757,1529981277.5002851,28.7,1.0,,
20180625,224800,1529981280.5647855,28.7,1.0,,
20180625,224803,1529981283.0379548,28.7,1.0,,
20180625,224806,1529981286.1006792,28.7,1.0,,
20180625,224811,1529981291.1006608,28.7,1.0,,
20180625,224811,1529981291.6621993,28.7,1.0,,
20180625,224817,1529981297.1986086,28.7,1.0,,
20180625,224816,1529981296.6386237,28.7,1.0,,
20180625,224822,1529981302.7514205,28.7,1.0,,
20180625,224824,1529981304.6793776,28.7,1.0,,
20180625,224827,1529981307.2289743,28.7,1.0,,
20180625,224830,1529981310.222152,28.7,1.0,,
20180625,224832,1529981312.7642455,28.7,1.0,,
20180625,224835,1529981315.7590992,28.7,1.0,,
20180625,224838,1529981318.2984874,28.7,1.0,,
20180625,224843,1529981323.8388274,28.7,1.0,,
20180625,224846,1529981326.3610213,28.7,1.0,,
20180625,224849,1529981329.3739,28.6,1.0,,
20180625,224851,1529981331.898875,28.7,1.0,,
20180625,224854,1529981334.9264207,28.7,1.0,,
20180625,224857,1529981337.4366598,28.7,1.0,,
20180625,224900,1529981340.4615393,28.7,1.0,,
20180625,224909,1529981349.5858588,1.0,0.0,,
20180625,224911,1529981351.2976396,1.0,0.0,,
20180625,224915,1529981355.133105,1.0,0.0,,
20180625,224920,1529981360.6726873,1.0,0.0,,
20180625,224916,1529981356.8465872,1.0,0.0,,
20180625,224926,1529981366.2104738,1.0,0.0,,
20180625,224927,1529981367.4453042,1.0,0.0,,
20180625,224931,1529981371.744674,1.0,0.0,,
20180625,224932,1529981372.9968126,1.0,0.0,,
20180625,224937,1529981377.27865,1.0,0.0,,
20180625,224938,1529981378.532235,1.0,0.0,,
20180625,224942,1529981382.812759,1.0,0.0,,
20180625,224944,1529981384.083778,1.0,0.0,,
20180625,224948,1529981388.3510032,1.0,0.0,,
20180625,224949,1529981389.6187696,1.0,0.0,,
20180625,224953,1529981393.888919,1.0,0.0,,
20180625,224955,1529981395.1534393,1.0,0.0,,
20180625,224959,1529981399.4266474,1.0,0.0,,
20180625,225000,1529981400.6882546,1.0,0.0,,
20180625,225004,1529981404.9636421,1.0,0.0,,
20180625,225006,1529981406.22314,1.0,0.0,,
20180625,225010,1529981410.4979053,1.0,0.0,,
20180625,225011,1529981411.759563,1.0,0.0,,
20180625,225014,1529981414.7208207,28.7,1.0,,
20180625,225016,1529981416.0359771,1.0,0.0,,
20180625,225020,1529981420.2621183,28.7,1.0,,
20180625,225024,1529981424.098477,1.0,0.0,,
20180625,225028,1529981428.3259618,28.7,1.0,,
20180625,225029,1529981429.632609,1.0,0.0,,
20180625,225035,1529981435.0349708,28.7,1.0,,
20180625,225036,1529981436.7360508,28.7,1.0,,
20180625,225040,1529981440.5884902,28.7,1.0,,
20180625,225042,1529981442.283514,28.7,1.0,,
20180625,225046,1529981446.1303878,28.7,1.0,,
20180625,225047,1529981447.8352509,28.7,1.0,,
20180625,225051,1529981451.670418,28.7,1.0,,
20180625,225053,1529981453.3702695,28.7,1.0,,
20180625,225057,1529981457.2103674,28.7,1.0,,
20180625,225058,1529981458.9230177,28.7,1.0,,
20180625,225102,1529981462.7446916,28.7,1.0,,
20180625,225104,1529981464.4577055,28.7,1.0,,
20180625,225108,1529981468.2853274,28.7,1.0,,
20180625,225113,1529981473.0168471,28.7,1.0,,
20180625,225111,1529981471.2904792,28.7,1.0,,
20180625,225118,1529981478.5653722,28.7,1.0,,
20180625,225119,1529981479.361861,28.7,1.0,,
20180625,225124,1529981484.1163957,28.7,1.0,,
20180625,225124,1529981484.8961585,28.7,1.0,,
20180625,225132,1529981492.198938,28.7,1.0,,
20180625,225132,1529981492.9586506,28.7,1.0,,
20180625,225137,1529981497.7515974,28.7,1.0,,
20180625,225138,1529981498.4930282,28.7,1.0,,
20180625,225143,1529981503.2935863,28.7,1.0,,
20180625,225144,1529981504.027622,28.7,1.0,,
20180625,225149,1529981509.5620813,28.7,1.0,,
20180625,225148,1529981508.8351889,28.7,1.0,,
20180625,225156,1529981516.9152849,28.7,1.0,,
20180625,225155,1529981515.0963786,28.7,1.0,,
20180625,225202,1529981522.4508007,28.7,1.0,,
20180625,225203,1529981523.1589131,28.7,1.0,,
20180625,225208,1529981528.0031478,28.7,1.0,,
20180625,225208,1529981528.6932623,28.7,1.0,,
20180625,225213,1529981533.5555422,28.7,1.0,,
20180625,225214,1529981534.2274525,28.7,1.0,,
20180625,225219,1529981539.107205,28.7,1.0,,
20180625,225219,1529981539.7618327,28.7,1.0,,
20180625,225224,1529981544.64281,28.7,1.0,,
20180625,225225,1529981545.2960224,28.7,1.0,,
20180625,225230,1529981550.1946692,28.7,1.0,,
20180625,225230,1529981550.8303936,28.7,1.0,,
20180625,225235,1529981555.746421,28.7,1.0,,
20180625,225236,1529981556.3645217,28.7,1.0,,
20180625,225241,1529981561.8989458,28.7,1.0,,
20180625,225241,1529981561.2885525,28.7,1.0,,
20180625,225247,1529981567.4332564,28.7,1.0,,
20180625,225249,1529981569.355838,28.7,1.0,,
20180625,225252,1529981572.9676626,28.7,1.0,,
20180625,225254,1529981574.9080853,28.7,1.0,,
20180625,225258,1529981578.5018892,28.7,1.0,,
20180625,225300,1529981580.44395,28.7,1.0,,
20180625,225304,1529981584.036342,28.7,1.0,,
20180625,225305,1529981585.9866524,28.7,1.0,,
20180625,225309,1529981589.5705898,28.7,1.0,,
20180625,225311,1529981591.5381453,28.7,1.0,,
20180625,225317,1529981597.089854,28.7,1.0,,
20180625,225315,1529981595.1041954,28.7,1.0,,
20180625,225322,1529981602.6318948,28.7,1.0,,
20180625,225323,1529981603.1654265,28.7,1.0,,
20180625,225331,1529981611.2278986,28.7,1.0,,
20180625,225328,1529981608.1752737,28.7,1.0,,
20180625,225336,1529981616.7622042,28.7,1.0,,
20180625,225341,1529981621.3065462,28.7,1.0,,
20180625,225342,1529981622.3029346,28.7,1.0,,
20180625,225346,1529981626.8581133,28.7,1.0,,
20180625,225347,1529981627.8373284,28.7,1.0,,
20180625,225352,1529981632.3934324,28.7,1.0,,
20180625,225353,1529981633.3777177,28.7,1.0,,
20180625,225357,1529981637.945238,28.7,1.0,,
20180625,225358,1529981638.9181347,28.7,1.0,,
20180625,225403,1529981643.4807932,28.7,1.0,,
20180625,225404,1529981644.4525259,28.7,1.0,,
20180625,225409,1529981649.0323572,28.7,1.0,,
20180625,225409,1529981649.9929004,28.7,1.0,,
20180625,225414,1529981654.5692303,28.7,1.0,,
20180625,225420,1529981660.1206322,28.7,1.0,,
20180625,225428,1529981668.1844816,28.7,1.0,,
20180625,225415,1529981655.5420668,28.7,1.0,,
20180625,225433,1529981673.7375174,28.7,1.0,,
20180625,225436,1529981676.2531176,28.7,1.0,,
20180625,225439,1529981679.284012,28.7,1.0,,
20180625,225441,1529981681.7875226,28.7,1.0,,
20180625,225444,1529981684.8358905,28.7,1.0,,
20180625,225447,1529981687.3217168,28.7,1.0,,
20180625,225450,1529981690.381983,28.7,1.0,,
20180625,225455,1529981695.9294543,28.7,1.0,,
20180625,225455,1529981695.393144,28.7,1.0,,
20180625,225501,1529981701.4655325,28.7,1.0,,
20180625,225505,1529981705.9839401,28.7,1.0,,
20180625,225507,1529981707.016949,28.7,1.0,,
20180625,225511,1529981711.5182338,28.7,1.0,,
20180625,225512,1529981712.55196,28.7,1.0,,
20180625,225517,1529981717.0525808,28.7,1.0,,
20180625,225518,1529981718.0934312,28.7,1.0,,
20180625,225522,1529981722.586824,28.7,1.0,,
20180625,225523,1529981723.628804,28.7,1.0,,
20180625,225528,1529981728.12115,28.7,1.0,,
20180625,225529,1529981729.1681027,28.7,1.0,,
20180625,225533,1529981733.6553857,28.7,1.0,,
20180625,225534,1529981734.7194812,28.7,1.0,,
20180625,225539,1529981739.1897154,28.7,1.0,,
20180625,225540,1529981740.2606232,28.7,1.0,,
20180625,225544,1529981744.7241707,28.7,1.0,,
20180625,225545,1529981745.8119202,28.7,1.0,,
20180625,225550,1529981750.2585878,28.7,1.0,,
20180625,225551,1529981751.347698,28.7,1.0,,
20180625,225555,1529981755.7927873,28.7,1.0,,
20180625,225556,1529981756.8990152,28.7,1.0,,
20180625,225601,1529981761.3271859,28.7,1.0,,
20180625,225602,1529981762.4420342,28.7,1.0,,
20180625,225606,1529981766.8614516,28.7,1.0,,
20180625,225607,1529981767.9931376,28.7,1.0,,
20180625,225612,1529981772.3958623,28.7,1.0,,
20180625,225613,1529981773.532112,28.7,1.0,,
20180625,225617,1529981777.9300847,28.7,1.0,,
20180625,225619,1529981779.0827515,28.7,1.0,,
20180625,225623,1529981783.464549,28.7,1.0,,
20180625,225624,1529981784.618239,28.7,1.0,,
20180625,225628,1529981788.998754,28.7,1.0,,
20180625,225630,1529981790.1691527,28.7,1.0,,
20180625,225634,1529981794.533124,28.7,1.0,,
20180625,225635,1529981795.720231,28.7,1.0,,
20180625,225640,1529981800.07179,28.7,1.0,,
20180625,225641,1529981801.2553132,28.7,1.0,,
20180625,225645,1529981805.6108027,28.7,1.0,,
20180625,225646,1529981806.7902355,28.7,1.0,,
20180625,225651,1529981811.148825,28.7,1.0,,
20180625,225652,1529981812.3249614,28.7,1.0,,
20180625,225656,1529981816.683851,28.7,1.0,,
20180625,225657,1529981817.8751092,28.7,1.0,,
20180625,225702,1529981822.221877,28.7,1.0,,
20180625,225703,1529981823.4100964,28.7,1.0,,
20180625,225707,1529981827.7561736,28.7,1.0,,
20180625,225708,1529981828.9611106,28.7,1.0,,
20180625,225714,1529981834.4963799,28.7,1.0,,
20180625,225713,1529981833.2936351,28.7,1.0,,
20180625,225720,1529981840.0316784,28.7,1.0,,
20180625,225721,1529981841.3599474,28.7,1.0,,
20180625,225725,1529981845.5820396,28.7,1.0,,
20180625,225726,1529981846.8950522,28.7,1.0,,
20180625,225731,1529981851.133546,28.7,1.0,,
20180625,225732,1529981852.429896,28.7,1.0,,
20180625,225736,1529981856.6689477,28.7,1.0,,
20180625,225737,1529981857.965007,28.7,1.0,,
20180625,225742,1529981862.222095,28.7,1.0,,
20180625,225743,1529981863.4998713,28.7,1.0,,
20180625,225747,1529981867.7723744,28.7,1.0,,
20180625,225749,1529981869.034955,28.7,1.0,,
20180625,225753,1529981873.3107812,28.7,1.0,,
20180625,225754,1529981874.56931,28.7,1.0,,
20180625,225758,1529981878.8617702,28.7,1.0,,
20180625,225800,1529981880.1043146,28.7,1.0,,
20180625,225804,1529981884.4002337,28.7,1.0,,
20180625,225805,1529981885.6386983,28.7,1.0,,
20180625,225809,1529981889.9516811,28.7,1.0,,
20180625,225811,1529981891.1732845,28.7,1.0,,
20180625,225815,1529981895.4870956,28.7,1.0,,
20180625,225816,1529981896.7072551,28.7,1.0,,
20180625,225821,1529981901.038618,28.7,1.0,,
20180625,225822,1529981902.2409847,28.7,1.0,,
20180625,225826,1529981906.5772736,28.7,1.0,,
20180625,225827,1529981907.7752397,28.7,1.0,,
20180625,225832,1529981912.128666,28.7,1.0,,
20180625,225835,1529981915.837658,28.7,1.0,,
20180625,225837,1529981917.6795878,28.7,1.0,,
20180625,225841,1529981921.3715808,28.7,1.0,,
20180625,225843,1529981923.2241108,28.7,1.0,,
20180625,225846,1529981926.9054816,28.7,1.0,,
20180625,225848,1529981928.7753384,28.7,1.0,,
20180625,225852,1529981932.4395554,28.6,1.0,,
20180625,225854,1529981934.3216457,28.7,1.0,,
20180625,225857,1529981937.9733965,28.6,1.0,,
20180625,225859,1529981939.8731503,28.7,1.0,,
20180625,225903,1529981943.5074081,28.7,1.0,,
20180625,225905,1529981945.4191499,28.7,1.0,,
20180625,225909,1529981949.041266,28.7,1.0,,
20180625,225910,1529981950.9714372,28.7,1.0,,
20180625,225914,1529981954.575265,28.7,1.0,,
20180625,225916,1529981956.526353,28.7,1.0,,
20180625,225920,1529981960.1090894,28.7,1.0,,
20180625,225922,1529981962.078316,28.7,1.0,,
20180625,225925,1529981965.6431217,28.6,1.0,,
20180625,225927,1529981967.616882,28.7,1.0,,
20180625,225931,1529981971.1769905,28.7,1.0,,
20180625,225933,1529981973.155231,28.7,1.0,,
20180625,225936,1529981976.7111366,28.6,1.0,,
20180625,225938,1529981978.7016492,28.7,1.0,,
20180625,225942,1529981982.2449691,28.7,1.0,,
20180625,225944,1529981984.2436407,28.7,1.0,,
20180625,225947,1529981987.7790823,28.7,1.0,,
20180625,225949,1529981989.7951818,28.7,1.0,,
20180625,225953,1529981993.3129325,28.7,1.0,,
20180625,225955,1529981995.335915,28.7,1.0,,
20180625,225958,1529981998.847035,28.7,1.0,,
20180625,230000,1529982000.8869922,28.7,1.0,,
20180625,230004,1529982004.3809204,28.7,1.0,,
20180625,230006,1529982006.4278283,28.7,1.0,,
20180625,230009,1529982009.9150193,28.7,1.0,,
20180625,230011,1529982011.9791496,28.7,1.0,,
20180625,230015,1529982015.448898,28.7,1.0,,
20180625,230017,1529982017.5203447,28.7,1.0,,
20180625,230020,1529982020.9829297,28.7,1.0,,
20180625,230023,1529982023.0723288,28.7,1.0,,
20180625,230026,1529982026.5168269,28.7,1.0,,
20180625,230028,1529982028.6228619,28.7,1.0,,
20180625,230032,1529982032.0508213,28.7,1.0,,
20180625,230034,1529982034.1748369,28.7,1.0,,
20180625,230037,1529982037.584692,28.7,1.0,,
20180625,230039,1529982039.711143,28.7,1.0,,
20180625,230043,1529982043.118728,28.7,1.0,,
20180625,230045,1529982045.252491,28.7,1.0,,
20180625,230048,1529982048.6527202,28.7,1.0,,
20180625,230050,1529982050.79934,28.7,1.0,,
20180625,230054,1529982054.1867342,28.7,1.0,,
20180625,230056,1529982056.340521,28.7,1.0,,
20180625,230059,1529982059.720643,28.7,1.0,,
20180625,230101,1529982061.8921998,28.7,1.0,,
20180625,230105,1529982065.2546601,28.7,1.0,,
20180625,230107,1529982067.4324079,28.6,1.0,,
20180625,230110,1529982070.788736,28.7,1.0,,
20180625,230112,1529982072.9845653,28.7,1.0,,
20180625,230116,1529982076.3227522,28.7,1.0,,
20180625,230118,1529982078.5197365,28.7,1.0,,
20180625,230121,1529982081.8567069,28.6,1.0,,
20180625,230124,1529982084.0612907,28.6,1.0,,
20180625,230127,1529982087.390672,28.7,1.0,,
20180625,230129,1529982089.6132543,28.6,1.0,,
20180625,230132,1529982092.9246588,28.6,1.0,,
20180625,230135,1529982095.1551929,28.6,1.0,,
20180625,230138,1529982098.458724,28.6,1.0,,
20180625,230140,1529982100.7122345,28.6,1.0,,
20180625,230143,1529982103.9926276,28.6,1.0,,
20180625,230146,1529982106.2539248,28.6,1.0,,
20180625,230151,1529982111.8069746,28.6,1.0,,
20180625,230149,1529982109.526664,28.6,1.0,,
20180625,230157,1529982117.3485959,28.7,1.0,,
20180625,230202,1529982122.651024,28.6,1.0,,
20180625,230205,1529982125.4112656,28.6,1.0,,
20180625,230208,1529982128.1887069,28.6,1.0,,
20180625,230210,1529982130.9616485,28.6,1.0,,
20180625,230213,1529982133.722113,28.6,1.0,,
20180625,230216,1529982136.4966161,28.6,1.0,,
20180625,230219,1529982139.2559352,28.6,1.0,,
20180625,230222,1529982142.0470405,28.6,1.0,,
20180625,230224,1529982144.7899837,28.6,1.0,,
20180625,230227,1529982147.5822814,28.6,1.0,,
20180625,230230,1529982150.3275142,28.6,1.0,,
20180625,230233,1529982153.1323686,28.6,1.0,,
20180625,230235,1529982155.8652914,28.6,1.0,,
20180625,230238,1529982158.6673532,28.6,1.0,,
20180625,230241,1529982161.4035728,28.6,1.0,,
20180625,230244,1529982164.2021432,28.6,1.0,,
20180625,230246,1529982166.9417782,28.6,1.0,,
20180625,230249,1529982169.7532632,28.6,1.0,,
20180625,230252,1529982172.4756925,28.6,1.0,,
20180625,230255,1529982175.2880044,28.6,1.0,,
20180625,230258,1529982178.0131938,28.6,1.0,,
20180625,230300,1529982180.8382468,28.6,1.0,,
20180625,230303,1529982183.5471737,28.7,1.0,,
20180625,230306,1529982186.373111,28.6,1.0,,
20180625,230309,1529982189.085521,28.6,1.0,,
20180625,230311,1529982191.9269552,28.6,1.0,,
20180625,230314,1529982194.6232915,28.6,1.0,,
20180625,230317,1529982197.4671311,28.6,1.0,,
20180625,230320,1529982200.1610444,28.6,1.0,,
20180625,230323,1529982203.0173929,28.6,1.0,,
20180625,230325,1529982205.699093,28.6,1.0,,
20180625,230328,1529982208.5526938,28.6,1.0,,
20180625,230331,1529982211.237353,28.6,1.0,,
20180625,230334,1529982214.088186,28.6,1.0,,
20180625,230336,1529982216.771191,28.6,1.0,,
20180625,230339,1529982219.6390631,28.6,1.0,,
20180625,230342,1529982222.3095982,28.6,1.0,,
20180625,230345,1529982225.1744616,28.6,1.0,,
20180625,230347,1529982227.8478863,28.6,1.0,,
20180625,230350,1529982230.7289064,28.6,1.0,,
20180625,230355,1529982235.9099362,28.6,1.0,,
20180625,230358,1529982238.8084118,28.6,1.0,,
20180625,230401,1529982241.448284,28.6,1.0,,
20180625,230404,1529982244.343737,28.6,1.0,,
20180625,230406,1529982246.9863725,28.6,1.0,,
20180625,230409,1529982249.8953192,28.6,1.0,,
20180625,230412,1529982252.5204496,28.6,1.0,,
20180625,230415,1529982255.430678,28.6,1.0,,
20180625,230418,1529982258.0608742,28.6,1.0,,
20180625,230420,1529982260.9820182,28.6,1.0,,
20180625,230423,1529982263.5942197,28.6,1.0,,
20180625,230426,1529982266.5173438,28.6,1.0,,
20180625,230429,1529982269.1319723,28.6,1.0,,
20180625,230432,1529982272.0685115,28.6,1.0,,
20180625,230434,1529982274.6699448,28.6,1.0,,
20180625,230437,1529982277.610291,28.6,1.0,,
20180625,230440,1529982280.2078226,28.6,1.0,,
20180625,230443,1529982283.1491525,28.6,1.0,,
20180625,230445,1529982285.7419584,28.7,1.0,,
20180625,230448,1529982288.7000532,28.6,1.0,,
20180625,230451,1529982291.279824,28.6,1.0,,
20180625,230454,1529982294.235002,28.6,1.0,,
20180625,230456,1529982296.8131354,28.6,1.0,,
20180625,230459,1529982299.776764,28.6,1.0,,
20180625,230504,1529982304.8786163,28.6,1.0,,
20180625,230507,1529982307.8409033,28.7,1.0,,
20180625,230510,1529982310.416348,28.7,1.0,,
20180625,230513,1529982313.375812,28.6,1.0,,
20180625,230515,1529982315.9504757,28.6,1.0,,
20180625,230518,1529982318.9225278,28.7,1.0,,
20180625,230521,1529982321.489652,28.6,1.0,,
20180625,230524,1529982324.4574907,28.6,1.0,,
20180625,230527,1529982327.0279517,28.7,1.0,,
20180625,230530,1529982330.0096514,28.6,1.0,,
20180625,230532,1529982332.5619283,28.7,1.0,,
20180625,230535,1529982335.5444498,28.7,1.0,,
20180625,230538,1529982338.100351,28.7,1.0,,
20180625,230541,1529982341.0912619,28.6,1.0,,
20180625,230543,1529982343.633775,28.7,1.0,,
20180625,230546,1529982346.6420908,28.7,1.0,,
20180625,230549,1529982349.1717055,28.7,1.0,,
20180625,230552,1529982352.1933286,28.7,1.0,,
20180625,230554,1529982354.7096508,28.7,1.0,,
20180625,230557,1529982357.7443593,28.7,1.0,,
20180625,230600,1529982360.2474701,28.7,1.0,,
20180625,230603,1529982363.2795084,28.7,1.0,,
20180625,230605,1529982365.7815607,28.7,1.0,,
20180625,230608,1529982368.829329,28.7,1.0,,
20180625,230611,1529982371.3196962,28.7,1.0,,
20180625,230614,1529982374.3646946,28.7,1.0,,
20180625,230616,1529982376.8576376,28.7,1.0,,
20180625,230619,1529982379.9152372,28.7,1.0,,
20180625,230622,1529982382.3922818,28.7,1.0,,
20180625,230625,1529982385.4505787,28.7,1.0,,
20180625,230627,1529982387.9301114,28.7,1.0,,
20180625,230631,1529982391.0011444,28.7,1.0,,
20180625,230635,1529982395.9929452,28.7,1.0,,
20180625,230636,1529982396.5365205,28.7,1.0,,
20180625,230641,1529982401.5318344,28.7,1.0,,
20180625,230642,1529982402.0717766,28.7,1.0,,
20180625,230647,1529982407.069937,28.7,1.0,,
20180625,230647,1529982407.6233587,28.7,1.0,,
20180625,230652,1529982412.6046913,28.7,1.0,,
20180625,230653,1529982413.158355,28.7,1.0,,
20180625,230658,1529982418.1426866,28.7,1.0,,
20180625,230658,1529982418.7102807,28.7,1.0,,
20180625,230703,1529982423.6773956,28.7,1.0,,
20180625,230704,1529982424.2616038,28.7,1.0,,
20180625,230709,1529982429.2153466,28.7,1.0,,
20180625,230709,1529982429.8132854,28.7,1.0,,
20180625,230714,1529982434.7537112,28.7,1.0,,
20180625,230715,1529982435.3485374,28.7,1.0,,
20180625,230720,1529982440.291056,28.7,1.0,,
20180625,230720,1529982440.8992116,28.7,1.0,,
20180625,230725,1529982445.8295565,28.7,1.0,,
20180625,230726,1529982446.4341223,28.7,1.0,,
20180625,230731,1529982451.3676744,28.7,1.0,,
20180625,230731,1529982451.9857614,28.7,1.0,,
20180625,230736,1529982456.9060864,28.7,1.0,,
20180625,230737,1529982457.5208714,28.7,1.0,,
20180625,230742,1529982462.4401686,28.6,1.0,,
20180625,230743,1529982463.0720334,28.6,1.0,,
20180625,230747,1529982467.9781532,28.6,1.0,,
20180625,230748,1529982468.6232111,28.7,1.0,,
20180625,230753,1529982473.5167513,28.7,1.0,,
20180625,230754,1529982474.1756294,28.7,1.0,,
20180625,230759,1529982479.05496,28.7,1.0,,
20180625,230759,1529982479.7334235,28.7,1.0,,
20180625,230804,1529982484.5931776,28.7,1.0,,
20180625,230805,1529982485.2687929,28.6,1.0,,
20180625,230810,1529982490.1313608,28.7,1.0,,
20180625,230810,1529982490.8197703,28.7,1.0,,
20180625,230815,1529982495.6653461,28.6,1.0,,
20180625,230816,1529982496.3550525,28.6,1.0,,
20180625,230821,1529982501.2033951,28.7,1.0,,
20180625,230821,1529982501.9055421,28.6,1.0,,
20180625,230826,1529982506.7380896,28.6,1.0,,
20180625,230827,1529982507.4408937,28.7,1.0,,
20180625,230832,1529982512.2761126,28.7,1.0,,
20180625,230832,1529982512.9878638,28.6,1.0,,
20180625,230837,1529982517.8106437,28.6,1.0,,
20180625,230838,1529982518.5230868,28.7,1.0,,
20180625,230843,1529982523.349106,28.6,1.0,,
20180625,230844,1529982524.0581634,28.6,1.0,,
20180625,230848,1529982528.8869884,28.6,1.0,,
20180625,230849,1529982529.6050498,28.6,1.0,,
20180625,230854,1529982534.425019,28.6,1.0,,
20180625,230855,1529982535.1558998,28.6,1.0,,
20180625,230859,1529982539.963445,28.6,1.0,,
20180625,230900,1529982540.7071908,28.6,1.0,,
20180625,230905,1529982545.501668,28.6,1.0,,
20180625,230906,1529982546.2431567,28.6,1.0,,
20180625,230911,1529982551.0396945,28.6,1.0,,
20180625,230911,1529982551.7898753,28.6,1.0,,
20180625,230916,1529982556.5738087,28.6,1.0,,
20180625,230917,1529982557.324925,28.6,1.0,,
20180625,230922,1529982562.1117134,28.6,1.0,,
20180625,230922,1529982562.8718896,28.6,1.0,,
20180625,230927,1529982567.645817,28.6,1.0,,
20180625,230928,1529982568.406963,28.7,1.0,,
20180625,230933,1529982573.1836147,28.6,1.0,,
20180625,230933,1529982573.9580038,28.6,1.0,,
20180625,230938,1529982578.721617,28.6,1.0,,
20180625,230939,1529982579.492871,28.6,1.0,,
20180625,230944,1529982584.2599208,28.6,1.0,,
20180625,230945,1529982585.0439556,28.6,1.0,,
20180625,230949,1529982589.794072,28.6,1.0,,
20180625,230950,1529982590.5788102,28.6,1.0,,
20180625,230955,1529982595.3310163,28.6,1.0,,
20180625,230956,1529982596.130449,28.6,1.0,,
20180625,231000,1529982600.8694649,28.6,1.0,,
20180625,231001,1529982601.6654332,28.6,1.0,,
20180625,231006,1529982606.4034295,28.6,1.0,,
20180625,231007,1529982607.2003338,28.6,1.0,,
20180625,231011,1529982611.9417405,28.6,1.0,,
20180625,231012,1529982612.7510104,28.6,1.0,,
20180625,231017,1529982617.479629,28.6,1.0,,
20180625,231018,1529982618.2863293,28.6,1.0,,
20180625,231023,1529982623.0179842,28.6,1.0,,
20180625,231023,1529982623.8371465,28.6,1.0,,
20180625,231028,1529982628.5574126,28.6,1.0,,
20180625,231029,1529982629.372211,28.6,1.0,,
20180625,231034,1529982634.0953102,28.6,1.0,,
20180625,231034,1529982634.9189591,28.6,1.0,,
20180625,231042,1529982642.160703,28.6,1.0,,
20180625,231042,1529982642.98387,28.6,1.0,,
20180625,231047,1529982647.694619,28.6,1.0,,
20180625,231048,1529982648.51893,28.7,1.0,,
20180625,231054,1529982654.0708835,28.6,1.0,,
20180625,231053,1529982653.2326612,28.6,1.0,,
20180625,231059,1529982659.6059842,28.6,1.0,,
20180625,231101,1529982661.2945118,28.6,1.0,,
20180625,231105,1529982665.1441135,28.6,1.0,,
20180625,231106,1529982666.82842,28.6,1.0,,
20180625,231110,1529982670.7000747,28.6,1.0,,
20180625,231112,1529982672.3623881,28.7,1.0,,
20180625,231116,1529982676.2416182,28.6,1.0,,
20180625,231117,1529982677.8963346,28.6,1.0,,
20180625,231121,1529982681.7936995,28.7,1.0,,
20180625,231123,1529982683.4302917,28.7,1.0,,
20180625,231127,1529982687.3318188,28.6,1.0,,
20180625,231128,1529982688.9642506,28.6,1.0,,
20180625,231132,1529982692.882048,28.7,1.0,,
20180625,231134,1529982694.4982717,28.7,1.0,,
20180625,231138,1529982698.420654,28.6,1.0,,
20180625,231140,1529982700.032222,28.6,1.0,,
20180625,231143,1529982703.9724681,28.6,1.0,,
20180625,231145,1529982705.566225,28.6,1.0,,
20180625,231149,1529982709.507932,28.6,1.0,,
20180625,231151,1529982711.1000607,28.7,1.0,,
20180625,231155,1529982715.0594363,28.6,1.0,,
20180625,231156,1529982716.6341815,28.6,1.0,,
20180625,231200,1529982720.597936,28.6,1.0,,
20180625,231202,1529982722.1680624,28.6,1.0,,
20180625,231206,1529982726.1486173,28.6,1.0,,
20180625,231207,1529982727.7020903,28.6,1.0,,
20180625,231211,1529982731.6872213,28.6,1.0,,
20180625,231213,1529982733.2358983,28.6,1.0,,
20180625,231218,1529982738.7699208,28.6,1.0,,
20180625,231217,1529982737.2255402,28.6,1.0,,
20180625,231224,1529982744.30391,28.6,1.0,,
20180625,231225,1529982745.2891662,28.6,1.0,,
20180625,231229,1529982749.8553069,28.6,1.0,,
20180625,231230,1529982750.8392956,28.7,1.0,,
20180625,231235,1529982755.3932922,28.6,1.0,,
20180625,231236,1529982756.3744154,28.7,1.0,,
20180625,231240,1529982760.9276628,28.6,1.0,,
20180625,231241,1529982761.9273431,28.6,1.0,,
20180625,231246,1529982766.475372,28.6,1.0,,
20180625,231247,1529982767.4642127,28.6,1.0,,
20180625,231252,1529982772.0129404,28.6,1.0,,
20180625,231253,1529982773.01103,28.6,1.0,,
20180625,231258,1529982778.5459511,28.7,1.0,,
20180625,231257,1529982777.555277,28.6,1.0,,
20180625,231304,1529982784.0810592,28.6,1.0,,
20180625,231305,1529982785.617443,28.6,1.0,,
20180625,231309,1529982789.6377432,28.7,1.0,,
20180625,231311,1529982791.1510186,28.6,1.0,,
20180625,231315,1529982795.1793606,28.6,1.0,,
20180625,231316,1529982796.6842222,28.7,1.0,,
20180625,231320,1529982800.7278953,28.6,1.0,,
20180625,231322,1529982802.2181845,28.7,1.0,,
20180625,231326,1529982806.2665052,28.6,1.0,,
20180625,231327,1529982807.7522945,28.7,1.0,,
20180625,231331,1529982811.8201358,28.7,1.0,,
20180625,231333,1529982813.2862391,28.6,1.0,,
20180625,231337,1529982817.3582506,28.6,1.0,,
20180625,231341,1529982821.3484435,28.6,1.0,,
20180625,231342,1529982822.9064975,28.7,1.0,,
20180625,231346,1529982826.8823512,28.7,1.0,,
20180625,231348,1529982828.4416337,28.6,1.0,,
20180625,231353,1529982833.9886358,28.7,1.0,,
20180625,231352,1529982832.416445,28.7,1.0,,
20180625,231359,1529982839.5264933,28.7,1.0,,
20180625,231400,1529982840.478469,28.7,1.0,,
20180625,231406,1529982846.0123255,28.7,1.0,,
20180625,231405,1529982845.0779023,28.7,1.0,,
20180625,231411,1529982851.5465634,28.7,1.0,,
20180625,231413,1529982853.1583111,28.6,1.0,,
20180625,231417,1529982857.0805624,28.7,1.0,,
20180625,231418,1529982858.6930685,28.7,1.0,,
20180625,231422,1529982862.6143155,28.6,1.0,,
20180625,231424,1529982864.228127,28.6,1.0,,
20180625,231428,1529982868.1524205,28.6,1.0,,
20180625,231429,1529982869.7801092,28.6,1.0,,
20180625,231433,1529982873.6902258,28.7,1.0,,
20180625,231435,1529982875.3152485,28.6,1.0,,
20180625,231439,1529982879.228433,28.6,1.0,,
20180625,231440,1529982880.866469,28.6,1.0,,
20180625,231444,1529982884.7621229,28.6,1.0,,
20180625,231446,1529982886.401414,28.7,1.0,,
20180625,231450,1529982890.3002088,28.6,1.0,,
20180625,231451,1529982891.9480097,28.6,1.0,,
20180625,231455,1529982895.83815,28.6,1.0,,
20180625,231457,1529982897.4844687,28.6,1.0,,
20180625,231501,1529982901.3761652,28.6,1.0,,
20180625,231503,1529982903.0353107,28.6,1.0,,
20180625,231506,1529982906.9139802,28.6,1.0,,
20180625,231511,1529982911.0987928,28.6,1.0,,
20180625,231512,1529982912.451925,28.6,1.0,,
20180625,231516,1529982916.6499374,28.6,1.0,,
20180625,231517,1529982917.989581,28.6,1.0,,
20180625,231522,1529982922.2033322,28.6,1.0,,
20180625,231523,1529982923.5270689,28.6,1.0,,
20180625,231527,1529982927.7537723,28.7,1.0,,
20180625,231529,1529982929.0647366,28.6,1.0,,
20180625,231533,1529982933.305078,28.6,1.0,,
20180625,231534,1529982934.6022837,28.6,1.0,,
20180625,231538,1529982938.856104,28.6,1.0,,
20180625,231540,1529982940.1399508,28.6,1.0,,
20180625,231544,1529982944.3912866,28.6,1.0,,
20180625,231545,1529982945.6739569,28.6,1.0,,
20180625,231549,1529982949.9419281,28.6,1.0,,
20180625,231551,1529982951.211591,28.6,1.0,,
20180625,231555,1529982955.4767885,28.6,1.0,,
20180625,231556,1529982956.745551,28.6,1.0,,
20180625,231601,1529982961.0276012,28.6,1.0,,
20180625,231604,1529982964.8077948,28.6,1.0,,
20180625,231606,1529982966.5629504,28.6,1.0,,
20180625,231610,1529982970.345274,28.6,1.0,,
20180625,231612,1529982972.114198,28.6,1.0,,
20180625,231615,1529982975.8838751,28.6,1.0,,
20180625,231617,1529982977.6496172,28.6,1.0,,
20180625,231621,1529982981.417924,28.6,1.0,,
20180625,231623,1529982983.1848543,28.6,1.0,,
20180625,231626,1529982986.9560513,28.6,1.0,,
20180625,231628,1529982988.7352161,28.6,1.0,,
20180625,231632,1529982992.4909985,28.6,1.0,,
20180625,231634,1529982994.2703748,28.6,1.0,,
20180625,231639,1529982999.8210132,28.6,1.0,,
20180625,231638,1529982998.028756,28.6,1.0,,
20180625,231645,1529983005.3563206,28.6,1.0,,
20180625,231648,1529983008.6229806,28.6,1.0,,
20180625,231650,1529983010.9067328,28.6,1.0,,
20180625,231656,1529983016.4454043,28.6,1.0,,
20180625,231654,1529983014.1578317,28.6,1.0,,
20180625,231701,1529983021.9956465,28.6,1.0,,
20180625,231704,1529983024.7507324,28.6,1.0,,
20180625,231707,1529983027.5308528,28.6,1.0,,
20180625,231712,1529983032.820974,28.6,1.0,,
20180625,231715,1529983035.6044285,28.6,1.0,,
20180625,231718,1529983038.3588448,28.6,1.0,,
20180625,231721,1529983041.143122,28.6,1.0,,
20180625,231723,1529983043.8973224,28.7,1.0,,
20180625,231726,1529983046.6969216,28.6,1.0,,
20180625,231729,1529983049.4352841,28.6,1.0,,
20180625,231732,1529983052.2321212,28.6,1.0,,
20180625,231734,1529983054.973156,28.6,1.0,,
20180625,231737,1529983057.7832491,28.6,1.0,,
20180625,231743,1529983063.0391622,28.6,1.0,,
20180625,231745,1529983065.864755,28.6,1.0,,
20180625,231751,1529983071.1067753,28.6,1.0,,
20180625,231753,1529983073.9442632,28.6,1.0,,
20180625,231756,1529983076.6409914,28.6,1.0,,
20180625,231759,1529983079.4912763,28.6,1.0,,
20180625,231802,1529983082.1792073,28.6,1.0,,
20180625,231805,1529983085.042914,28.7,1.0,,
20180625,231807,1529983087.713188,28.6,1.0,,
20180625,231813,1529983093.1130679,28.6,1.0,,
20180625,231815,1529983095.7742302,28.6,1.0,,
20180625,231818,1529983098.6486888,28.6,1.0,,
20180625,231821,1529983101.3085604,28.6,1.0,,
20180625,231824,1529983104.1870244,28.6,1.0,,
20180625,231826,1529983106.8427556,28.6,1.0,,
20180625,231829,1529983109.7384176,28.6,1.0,,
20180625,231832,1529983112.3771617,28.6,1.0,,
20180625,231835,1529983115.280023,28.6,1.0,,
20180625,231837,1529983117.9114544,28.7,1.0,,
20180625,231840,1529983120.8217049,28.6,1.0,,
20180625,231843,1529983123.4459307,28.6,1.0,,
20180625,231846,1529983126.363229,28.6,1.0,,
20180625,231848,1529983128.9800897,28.6,1.0,,
20180625,231851,1529983131.9159248,28.6,1.0,,
20180625,231854,1529983134.5144875,28.6,1.0,,
20180625,231857,1529983137.4569378,28.7,1.0,,
20180625,231900,1529983140.0487149,28.6,1.0,,
20180625,231903,1529983143.0091364,28.6,1.0,,
20180625,231905,1529983145.5830224,28.6,1.0,,
20180625,231908,1529983148.5449088,28.6,1.0,,
20180625,231911,1529983151.1174397,28.6,1.0,,
20180625,231914,1529983154.0951579,28.6,1.0,,
20180625,231916,1529983156.6518836,28.6,1.0,,
20180625,231919,1529983159.6360328,28.6,1.0,,
20180625,231922,1529983162.1861165,28.6,1.0,,
20180625,231925,1529983165.1743095,28.6,1.0,,
20180625,231930,1529983170.252064,28.6,1.0,,
20180625,231933,1529983173.2381592,28.6,1.0,,
20180625,231935,1529983175.7901618,28.7,1.0,,
20180625,231938,1529983178.7899716,28.6,1.0,,
20180625,231941,1529983181.3254125,28.6,1.0,,
20180625,231944,1529983184.3255384,28.6,1.0,,
20180625,231946,1529983186.8597026,28.6,1.0,,
20180625,231949,1529983189.877394,28.7,1.0,,
20180625,231952,1529983192.3982584,28.6,1.0,,
20180625,231955,1529983195.4125488,28.7,1.0,,
20180625,231957,1529983197.9365845,28.6,1.0,,
20180625,232000,1529983200.954054,28.6,1.0,,
20180625,232003,1529983203.4709396,28.6,1.0,,
20180625,232006,1529983206.4894848,28.7,1.0,,
20180625,232009,1529983209.0310075,28.7,1.0,,
20180625,232012,1529983212.032032,28.6,1.0,,
20180625,232014,1529983214.5742435,28.6,1.0,,
20180625,232017,1529983217.5687165,28.6,1.0,,
20180625,232020,1529983220.1171787,28.6,1.0,,
20180625,232023,1529983223.1157467,28.6,1.0,,
20180625,232025,1529983225.6604602,28.6,1.0,,
20180625,232031,1529983231.1898572,28.6,1.0,,
20180625,232033,1529983233.7242723,28.6,1.0,,
20180625,232039,1529983239.2581973,28.7,0.8,,
20180625,232036,1529983236.7430434,28.6,1.0,,
20180625,232044,1529983244.7930205,28.6,1.0,,
20180625,232047,1529983247.3458323,28.6,1.0,,
20180625,232050,1529983250.3274386,28.6,1.0,,
20180625,232100,1529983260.4971447,28.6,1.0,,
20180625,232103,1529983263.4442885,28.6,1.0,,
20180625,232106,1529983266.048539,28.6,1.0,,
20180625,232108,1529983268.9787958,28.6,1.0,,
20180625,232111,1529983271.5869045,28.6,1.0,,
20180625,232119,1529983279.573174,28.6,1.0,,
20180625,232122,1529983282.2043674,28.6,1.0,,
20180625,232125,1529983285.1111,28.6,1.0,,
20180625,232127,1529983287.7555661,28.6,1.0,,
20180625,232130,1529983290.6457567,28.6,1.0,,
20180625,232133,1529983293.2912235,28.6,1.0,,
20180625,232136,1529983296.1835384,28.6,1.0,,
20180625,232138,1529983298.8423734,28.6,1.0,,
20180625,232141,1529983301.7183182,28.6,1.0,,
20180625,232144,1529983304.3779192,28.6,1.0,,
20180625,232147,1529983307.255787,28.6,1.0,,
20180625,232149,1529983309.928335,28.6,1.0,,
20180625,232152,1529983312.7935393,28.6,1.0,,
20180625,232155,1529983315.463958,28.6,1.0,,
20180625,232158,1529983318.3310795,28.6,1.0,,
20180625,232201,1529983321.0148995,28.6,1.0,,
20180625,232203,1529983323.8688736,28.6,1.0,,
20180625,232206,1529983326.5503163,28.6,1.0,,
20180625,232211,1529983331.9314907,28.6,1.0,,
20180625,232214,1529983334.6286998,28.7,1.0,,
20180625,232219,1529983339.993661,28.6,1.0,,
20180625,232222,1529983342.7109852,28.6,1.0,,
20180625,232225,1529983345.5310986,28.6,1.0,,
20180625,232228,1529983348.2580044,28.6,1.0,,
20180625,232231,1529983351.0695295,28.6,1.0,,
20180625,232233,1529983353.8097646,28.6,1.0,,
20180625,232236,1529983356.603937,28.6,1.0,,
20180625,232239,1529983359.3450687,28.6,1.0,,
20180625,232242,1529983362.1427326,28.6,1.0,,
20180625,232244,1529983364.8963995,28.6,1.0,,
20180625,232247,1529983367.6807272,28.6,1.0,,
20180625,232250,1529983370.4315085,28.6,1.0,,
20180625,232253,1529983373.2192209,28.6,1.0,,
20180625,232255,1529983375.9730065,28.6,1.0,,
20180625,232258,1529983378.7572088,28.6,1.0,,
20180625,232301,1529983381.5081801,28.6,1.0,,
20180625,232304,1529983384.295513,28.6,1.0,,
20180625,232307,1529983387.0590868,28.6,1.0,,
20180625,232309,1529983389.829583,28.6,1.0,,
20180625,232312,1529983392.5941632,28.6,1.0,,
20180625,232315,1529983395.3679771,28.6,1.0,,
20180625,232318,1529983398.145265,28.6,1.0,,
20180625,232320,1529983400.9059389,28.6,1.0,,
20180625,232323,1529983403.680527,28.6,1.0,,
20180625,232326,1529983406.4401631,28.6,1.0,,
20180625,232329,1529983409.2157605,28.6,1.0,,
20180625,232331,1529983411.9783278,28.6,1.0,,
20180625,232334,1529983414.7625172,28.6,1.0,,
20180625,232337,1529983417.5183828,28.6,1.0,,
20180625,232340,1529983420.2980435,28.6,1.0,,
20180625,232343,1529983423.0566943,28.6,1.0,,
20180625,232345,1529983425.8489802,28.6,1.0,,
20180625,232351,1529983431.1223829,28.6,1.0,,
20180625,232353,1529983433.9296656,28.6,1.0,,
20180625,232356,1529983436.6566348,28.6,1.0,,
20180625,232359,1529983439.4644113,28.6,1.0,,
20180625,232402,1529983442.1942472,28.6,1.0,,
20180625,232405,1529983445.015775,28.6,1.0,,
20180625,232407,1529983447.7320724,28.6,1.0,,
20180625,232410,1529983450.5505598,28.6,1.0,,
20180625,232413,1529983453.269608,28.6,1.0,,
20180625,232416,1529983456.100739,28.6,1.0,,
20180625,232418,1529983458.8043845,28.6,1.0,,
20180625,232421,1529983461.6359344,28.6,1.0,,
20180625,232424,1529983464.3425288,28.6,1.0,,
20180625,232427,1529983467.1711335,28.6,1.0,,
20180625,232429,1529983469.8807023,28.7,1.0,,
20180625,232432,1529983472.7281177,28.6,1.0,,
20180625,232435,1529983475.418951,28.6,1.0,,
20180625,232438,1529983478.2687268,28.7,1.0,,
20180625,232440,1529983480.9541924,28.6,1.0,,
20180625,232443,1529983483.8195407,28.7,1.0,,
20180625,232446,1529983486.4883091,28.6,1.0,,
20180625,232449,1529983489.3547955,28.6,1.0,,
20180625,232452,1529983492.0260663,28.6,1.0,,
20180625,232454,1529983494.9059002,28.7,1.0,,
20180625,232457,1529983497.5635195,28.7,1.0,,
20180625,232500,1529983500.4411852,28.6,1.0,,
20180625,232503,1529983503.1012957,28.7,1.0,,
20180625,232505,1529983505.9922745,28.7,1.0,,
20180625,232508,1529983508.6390443,28.6,1.0,,
20180625,232511,1529983511.5274196,28.7,1.0,,
20180625,232514,1529983514.176795,28.7,1.0,,
20180625,232517,1529983517.0785687,28.7,1.0,,
20180625,232519,1529983519.710924,28.7,1.0,,
20180625,232522,1529983522.613701,28.6,1.0,,
20180625,232525,1529983525.2502673,28.6,1.0,,
20180625,232528,1529983528.148851,28.6,1.0,,
20180625,232530,1529983530.7843804,28.6,1.0,,
20180625,232533,1529983533.7057962,28.6,1.0,,
20180625,232536,1529983536.3220878,28.6,1.0,,
20180625,232539,1529983539.2409916,28.6,1.0,,
20180625,232541,1529983541.8604434,28.6,1.0,,
20180625,232544,1529983544.7920423,28.6,1.0,,
20180625,232547,1529983547.3989868,28.6,1.0,,
20180625,232550,1529983550.3269808,28.6,1.0,,
20180625,232552,1529983552.936841,28.6,1.0,,
20180625,232555,1529983555.877816,28.6,1.0,,
20180625,232600,1529983560.9995525,28.6,1.0,,
20180625,232603,1529983563.9566796,28.6,1.0,,
20180625,232606,1529983566.5342643,28.6,1.0,,
20180625,232609,1529983569.4917417,28.7,1.0,,
20180625,232612,1529983572.072318,28.6,1.0,,
20180625,232615,1529983575.0427098,28.6,1.0,,
20180625,232617,1529983577.6099288,28.6,1.0,,
20180625,232620,1529983580.5778208,28.6,1.0,,
20180625,232623,1529983583.1477416,28.6,1.0,,
20180625,232626,1529983586.129663,28.6,1.0,,
20180625,232628,1529983588.6852815,28.6,1.0,,
20180625,232634,1529983594.2152913,28.6,1.0,,
20180625,232636,1529983596.7482653,28.6,1.0,,
20180625,232642,1529983602.282105,28.6,1.0,,
20180625,232639,1529983599.7670224,28.6,1.0,,
20180625,232647,1529983607.816264,28.6,1.0,,
20180625,232652,1529983612.9168723,28.6,1.0,,
20180625,232655,1529983615.8775978,28.6,1.0,,
20180625,232700,1529983620.996478,28.6,1.0,,
20180625,232703,1529983623.9388745,28.6,1.0,,
20180625,232706,1529983626.5313258,28.6,1.0,,
20180625,232709,1529983629.4726868,28.6,1.0,,
20180625,232712,1529983632.0831091,28.6,1.0,,
20180625,232715,1529983635.0068011,28.6,1.0,,
20180625,232717,1529983637.6210306,28.6,1.0,,
20180625,232720,1529983640.5406308,28.6,1.0,,
20180625,232723,1529983643.1593273,28.6,1.0,,
20180625,232728,1529983648.6102269,28.6,1.0,,
20180625,232731,1529983651.2238836,28.6,1.0,,
20180625,232736,1529983656.67244,28.6,1.0,,
20180625,232739,1529983659.2875361,28.6,1.0,,
20180625,232742,1529983662.211032,28.7,1.0,,
20180625,232744,1529983664.8390887,28.6,1.0,,
20180625,232747,1529983667.7449694,28.6,1.0,,
20180625,232750,1529983670.3738687,28.6,1.0,,
20180625,232753,1529983673.2832687,28.7,1.0,,
20180625,232755,1529983675.9255006,28.6,1.0,,
20180625,232758,1529983678.8173506,28.6,1.0,,
20180625,232804,1529983684.004617,28.6,1.0,,
20180625,232806,1529983686.8791716,28.6,1.0,,
20180625,232809,1529983689.5428004,28.7,1.0,,
20180625,232814,1529983694.951568,28.6,1.0,,
20180625,232817,1529983697.627479,28.6,1.0,,
20180625,232820,1529983700.4894989,28.6,1.0,,
20180625,232823,1529983703.165005,28.6,1.0,,
20180625,232826,1529983706.0277019,28.7,1.0,,
20180625,232828,1529983708.699931,28.6,1.0,,
20180625,232831,1529983711.5658014,28.6,1.0,,
20180625,232834,1529983714.2347565,28.6,1.0,,
20180625,232837,1529983717.1039255,28.6,1.0,,
20180625,232842,1529983722.3020394,28.6,1.0,,
20180625,232845,1529983725.1659791,28.6,1.0,,
20180625,232847,1529983727.8528626,28.6,1.0,,
20180625,232850,1529983730.700837,28.6,1.0,,
20180625,232853,1529983733.3880908,28.6,1.0,,
20180625,232856,1529983736.2355797,28.6,1.0,,
20180625,232858,1529983738.9401815,28.6,1.0,,
20180625,232901,1529983741.7701106,28.6,1.0,,
20180625,232904,1529983744.4752965,28.7,1.0,,
20180625,232907,1529983747.3047855,28.6,1.0,,
20180625,232910,1529983750.026565,28.6,1.0,,
20180625,232912,1529983752.8393989,28.6,1.0,,
20180625,232915,1529983755.561649,28.6,1.0,,
20180625,232918,1529983758.3740764,28.6,1.0,,
20180625,232921,1529983761.1132746,28.6,1.0,,
20180625,232923,1529983763.9085934,28.6,1.0,,
20180625,232926,1529983766.6485572,28.6,1.0,,
20180625,232931,1529983771.9794888,28.6,1.0,,
20180625,232934,1529983774.7110524,28.6,1.0,,
20180625,232937,1529983777.5142338,28.6,1.0,,
20180625,232940,1529983780.2459552,28.7,1.0,,
20180625,232943,1529983783.0524518,28.6,1.0,,
20180625,232945,1529983785.797778,28.6,1.0,,
20180625,232948,1529983788.5870793,28.6,1.0,,
20180625,232951,1529983791.3329928,28.6,1.0,,
20180625,232954,1529983794.1213994,28.7,1.0,,
20180625,232956,1529983796.87483,28.6,1.0,,
20180625,232959,1529983799.6599655,28.6,1.0,,
20180625,233002,1529983802.4098115,28.6,1.0,,
20180625,233005,1529983805.195176,28.6,1.0,,
20180625,233007,1529983807.9615035,28.6,1.0,,
20180625,233013,1529983813.2619119,28.6,1.0,,
20180625,233016,1529983816.040424,28.6,1.0,,
20180625,233018,1529983818.796951,28.6,1.0,,
20180625,233021,1529983821.5851924,28.6,1.0,,
20180625,233024,1529983824.3316877,28.6,1.0,,
20180625,233027,1529983827.1263804,28.6,1.0,,
20180625,233029,1529983829.8668036,28.6,1.0,,
20180625,233032,1529983832.6826563,28.6,1.0,,
20180625,233035,1529983835.4010303,28.6,1.0,,
20180625,233040,1529983840.7633212,28.6,1.0,,
20180625,233043,1529983843.4634829,28.6,1.0,,
20180625,233046,1529983846.3024762,28.6,1.0,,
20180625,233051,1529983851.5333395,28.6,1.0,,
20180625,233054,1529983854.3650396,28.6,1.0,,
20180625,233057,1529983857.0712006,28.6,1.0,,
20180625,233059,1529983859.9158087,28.6,1.0,,
20180625,233105,1529983865.1338112,28.6,1.0,,
20180625,233107,1529983867.9948013,28.6,1.0,,
20180625,233113,1529983873.200174,28.6,1.0,,
20180625,233116,1529983876.073337,28.6,1.0,,
20180625,233118,1529983878.7347152,28.6,1.0,,
20180625,233121,1529983881.608129,28.6,1.0,,
20180625,233124,1529983884.2724755,28.7,1.0,,
20180625,233127,1529983887.1435401,28.6,1.0,,
20180625,233129,1529983889.8069863,28.6,1.0,,
20180625,233132,1529983892.700417,28.6,1.0,,
20180625,233135,1529983895.3448296,28.6,1.0,,
20180625,233138,1529983898.2541804,28.6,1.0,,
20180625,233140,1529983900.8792846,28.7,1.0,,
20180625,233143,1529983903.8074348,28.6,1.0,,
20180625,233146,1529983906.4177725,28.7,1.0,,
20180625,233149,1529983909.3430893,28.6,1.0,,
20180625,233151,1529983911.9559915,28.6,1.0,,
20180625,233154,1529983914.895297,28.6,1.0,,
20180625,233202,1529983922.5468445,28.6,1.0,,
20180625,233205,1529983925.4909766,28.6,1.0,,
20180625,233210,1529983930.6091866,28.6,1.0,,
20180625,233213,1529983933.5701492,28.7,1.0,,
20180625,233216,1529983936.1472228,28.6,1.0,,
20180625,233219,1529983939.1167352,28.6,1.0,,
20180625,233221,1529983941.6811135,28.6,1.0,,
20180625,233224,1529983944.6518476,28.6,1.0,,
20180625,233229,1529983949.7468128,28.6,1.0,,
20180625,233232,1529983952.7321951,28.7,1.0,,
20180625,233235,1529983955.2842684,28.6,1.0,,
20180625,233238,1529983958.2689083,28.6,1.0,,
20180625,233240,1529983960.8185241,28.6,1.0,,
20180625,233243,1529983963.8206215,28.6,1.0,,
20180625,233246,1529983966.35244,28.6,1.0,,
20180625,233251,1529983971.890233,28.6,1.0,,
20180625,233249,1529983969.367801,28.6,1.0,,
20180625,233257,1529983977.42745,28.6,1.0,,
20180625,233259,1529983979.9759681,28.6,1.0,,
20180625,233302,1529983982.9653914,28.6,1.0,,
20180625,233305,1529983985.5110383,28.6,1.0,,
20180625,233308,1529983988.5032108,28.6,1.0,,
20180625,233311,1529983991.0623856,28.6,1.0,,
20180625,233314,1529983994.037356,28.6,1.0,,
20180625,233316,1529983996.6098554,28.6,1.0,,
20180625,233319,1529983999.5750618,28.6,1.0,,
20180625,233322,1529984002.1599295,28.6,1.0,,
20180625,233325,1529984005.1235654,28.6,1.0,,
20180625,233327,1529984007.7144282,28.6,1.0,,
20180625,233330,1529984010.6575897,28.6,1.0,,
20180625,233335,1529984015.8010044,28.6,1.0,,
20180625,233338,1529984018.7190387,28.6,1.0,,
20180625,233343,1529984023.885109,28.6,1.0,,
20180625,233346,1529984026.7805345,28.6,1.0,,
20180625,233349,1529984029.4312353,28.6,1.0,,
20180625,233352,1529984032.3145645,28.6,1.0,,
20180625,233354,1529984034.9828615,28.6,1.0,,
20180625,233357,1529984037.8485014,28.7,1.0,,
20180625,233400,1529984040.5212417,28.7,1.0,,
20180625,233403,1529984043.382533,28.6,1.0,,
20180625,233406,1529984046.0594065,28.6,1.0,,
20180625,233408,1529984048.9164963,28.6,1.0,,
20180625,233411,1529984051.6115584,28.7,1.0,,
20180625,233414,1529984054.4504552,28.6,1.0,,
20180625,233417,1529984057.1631558,28.6,1.0,,
20180625,233419,1529984059.984344,28.7,1.0,,
20180625,233425,1529984065.2424762,28.6,1.0,,
20180625,233428,1529984068.0457122,28.6,1.0,,
20180625,233430,1529984070.7785916,28.6,1.0,,
20180625,233433,1529984073.579708,28.6,1.0,,
20180625,233436,1529984076.3171964,28.6,1.0,,
20180625,233439,1529984079.1136475,28.6,1.0,,
20180625,233441,1529984081.869141,28.6,1.0,,
20180625,233444,1529984084.6477253,28.6,1.0,,
20180625,233447,1529984087.411088,28.7,1.0,,
20180625,233450,1529984090.1815479,28.6,1.0,,
20180625,233452,1529984092.9583118,28.6,1.0,,
20180625,233455,1529984095.7152925,28.6,1.0,,
20180625,233458,1529984098.4968119,28.6,1.0,,
20180625,233501,1529984101.249166,28.6,1.0,,
20180625,233506,1529984106.5614145,28.6,1.0,,
20180625,233509,1529984109.3104515,28.6,1.0,,
20180625,233512,1529984112.103671,28.6,1.0,,
20180625,233514,1529984114.8441932,28.6,1.0,,
20180625,233517,1529984117.655495,28.6,1.0,,
20180625,233520,1529984120.3779676,28.6,1.0,,
20180625,233523,1529984123.1975873,28.6,1.0,,
20180625,233525,1529984125.9120195,28.6,1.0,,
20180625,233528,1529984128.7498555,28.6,1.0,,
20180625,233531,1529984131.4458487,28.6,1.0,,
20180625,233534,1529984134.2917457,28.6,1.0,,
20180625,233536,1529984136.979798,28.6,1.0,,
20180625,233539,1529984139.8425574,28.6,1.0,,
20180625,233542,1529984142.5138805,28.6,1.0,,
20180625,233545,1529984145.378719,28.6,1.0,,
20180625,233548,1529984148.0479484,28.6,1.0,,
20180625,233550,1529984150.9318154,28.6,1.0,,
20180625,233553,1529984153.5818312,28.6,1.0,,
20180625,233556,1529984156.4686387,28.6,1.0,,
20180625,233559,1529984159.1158342,28.6,1.0,,
20180625,233602,1529984162.0215602,28.6,1.0,,
20180625,233604,1529984164.6497293,28.6,1.0,,
20180625,233607,1529984167.5738935,28.6,1.0,,
20180625,233610,1529984170.1838634,28.6,1.0,,
20180625,233613,1529984173.1316042,28.6,1.0,,
20180625,233615,1529984175.7178226,28.6,1.0,,
20180625,233618,1529984178.6839004,28.6,1.0,,
20180625,233621,1529984181.2518284,28.6,1.0,,
20180625,233624,1529984184.235684,28.6,1.0,,
20180625,233626,1529984186.7857733,28.6,1.0,,
20180625,233629,1529984189.788007,28.6,1.0,,
20180625,233632,1529984192.3198,28.6,1.0,,
20180625,233637,1529984197.8538053,28.6,1.0,,
20180625,233635,1529984195.330112,28.6,1.0,,
20180625,233643,1529984203.3878965,28.6,1.0,,
20180625,233645,1529984205.9419358,28.6,1.0,,
20180625,233648,1529984208.921807,28.6,1.0,,
20180625,233651,1529984211.4899914,28.6,1.0,,
20180625,233654,1529984214.4557357,28.6,1.0,,
20180625,233657,1529984217.0416775,28.6,1.0,,
20180625,233659,1529984219.9895294,28.6,1.0,,
20180625,233702,1529984222.583403,28.7,1.0,,
20180625,233705,1529984225.523687,28.6,1.0,,
20180625,233708,1529984228.1252499,28.6,1.0,,
20180625,233711,1529984231.0577252,28.6,1.0,,
20180625,233713,1529984233.679677,28.6,1.0,,
20180625,233719,1529984239.1240067,28.6,1.0,,
20180625,233721,1529984241.7596254,28.6,1.0,,
20180625,233724,1529984244.6620355,28.6,1.0,,
20180625,233727,1529984247.2959769,28.6,1.0,,
20180625,233730,1529984250.2000918,28.6,1.0,,
20180625,233732,1529984252.8476636,28.6,1.0,,
20180625,233735,1529984255.7342148,28.6,1.0,,
20180625,233738,1529984258.3836944,28.6,1.0,,
20180625,233741,1529984261.2682574,28.6,1.0,,
20180625,233743,1529984263.9354494,28.6,1.0,,
20180625,233746,1529984266.8023455,28.6,1.0,,
20180625,233749,1529984269.4710622,28.6,1.0,,
20180625,233752,1529984272.3403757,28.6,1.0,,
20180625,233755,1529984275.0215697,28.6,1.0,,
20180625,233757,1529984277.8783913,28.6,1.0,,
20180625,233800,1529984280.5575273,28.6,1.0,,
20180625,233803,1529984283.4165187,28.6,1.0,,
20180625,233806,1529984286.1090798,28.6,1.0,,
20180625,233808,1529984288.9542387,28.6,1.0,,
20180625,233811,1529984291.6459823,28.6,1.0,,
20180625,233814,1529984294.4928694,28.6,1.0,,
20180625,233817,1529984297.1814284,28.6,1.0,,
20180625,233820,1529984300.0307877,28.6,1.0,,
20180625,233825,1529984305.248261,28.6,1.0,,
20180625,233828,1529984308.0910015,28.6,1.0,,
20180625,233830,1529984310.7983034,28.6,1.0,,
20180625,233833,1529984313.624814,28.6,1.0,,
20180625,233836,1529984316.3387542,28.6,1.0,,
20180625,233839,1529984319.1587563,28.6,1.0,,
20180625,233841,1529984321.8889968,28.6,1.0,,
20180625,233844,1529984324.6926365,28.6,1.0,,
20180625,233847,1529984327.4401667,28.6,1.0,,
20180625,233852,1529984332.762109,28.6,1.0,,
20180625,233855,1529984335.502779,28.6,1.0,,
20180625,233900,1529984340.8244147,28.6,1.0,,
20180625,233906,1529984346.0980403,28.6,1.0,,
20180625,233911,1529984351.6549878,28.6,1.0,,
20180625,233913,1529984353.3741724,28.6,1.0,,
