[2018-06-25 09:05:40,099] {bTrial.py <module>:21} WARNING - Did not load Adafruit_DHT
[2018-06-25 09:05:40,275] {bTrial.py loadConfigFile:151} DEBUG - loadConfigFile
[2018-06-25 09:05:40,363] {bTrial.py lightsThread:632} DEBUG - lightsThread start
[2018-06-25 09:05:40,387] {treadmill_app.py <module>:230} DEBUG - Running flask server with debug = False
[2018-06-25 09:05:40,389] {treadmill_app.py <module>:233} DEBUG - Flask server is running at: http://192.168.1.4:5010
[2018-06-25 09:05:43,352] {treadmill_app.py myAfterRequest:60} DEBUG - after /
[2018-06-25 09:05:44,087] {treadmill_app.py myAfterRequest:60} DEBUG - after /templates/partials/config_table.html
[2018-06-25 09:05:44,089] {treadmill_app.py myAfterRequest:60} DEBUG - after /templates/partials/motor_table.html
[2018-06-25 09:05:46,028] {bCamera.py arm:232} DEBUG - arm onoff:True okGo:True
[2018-06-25 09:05:46,034] {treadmill_app.py myAfterRequest:60} DEBUG - after /api/action/startArm
[2018-06-25 09:05:46,416] {bCamera.py armVideoThread:304} DEBUG - Starting circular stream, bufferSeconds:10
[2018-06-25 09:05:47,835] {bCamera.py arm:232} DEBUG - arm onoff:False okGo:True
[2018-06-25 09:05:47,894] {treadmill_app.py myAfterRequest:60} DEBUG - after /api/action/stopArm
[2018-06-25 09:06:08,714] {treadmill_app.py myAfterRequest:60} DEBUG - after /api/submit/motorparams
[2018-06-25 09:06:11,121] {bTrial.py saveConfig:185} DEBUG - saveConfig
[2018-06-25 09:06:11,132] {treadmill_app.py myAfterRequest:60} DEBUG - after /api/submit/saveconfig
[2018-06-25 09:06:13,354] {bCamera.py arm:232} DEBUG - arm onoff:True okGo:True
[2018-06-25 09:06:13,360] {treadmill_app.py myAfterRequest:60} DEBUG - after /api/action/startArm
[2018-06-25 09:06:13,715] {bCamera.py armVideoThread:304} DEBUG - Starting circular stream, bufferSeconds:10
[2018-06-25 09:06:14,245] {treadmill.py startTrial:101} DEBUG - startTrial
[2018-06-25 09:06:14,262] {bCamera.py startArmVideo:267} DEBUG - startArmVideo()
[2018-06-25 09:06:14,280] {treadmill_app.py myAfterRequest:60} DEBUG - after /api/action/startTrial
[2018-06-25 09:06:14,281] {bTrial.py startTrial:423} DEBUG - startTrial startArmVideo=True
[2018-06-25 09:06:14,937] {bCamera.py armVideoThread:346} DEBUG - Start video file:20180625_090614_hc4_aaa_bbb_t1_r1_after.h264
[2018-06-25 09:06:23,962] {bTrial.py stopTrial:437} DEBUG - stopTrial
[2018-06-25 09:06:25,372] {bCamera.py convertVideoThread:409} INFO - starting convertVideoThread:/home/pi/video/20180625/20180625_090614_hc4_aaa_bbb_t1_r1_before.h264 fps:30
[2018-06-25 09:06:25,917] {bCamera.py convertVideoThread:419} INFO - finished convertVideoThread:/home/pi/video/20180625/20180625_090614_hc4_aaa_bbb_t1_r1_before.h264 fps:30
[2018-06-25 09:06:26,934] {bCamera.py convertVideoThread:409} INFO - starting convertVideoThread:/home/pi/video/20180625/20180625_090614_hc4_aaa_bbb_t1_r1_after.h264 fps:30
[2018-06-25 09:06:27,461] {bCamera.py convertVideoThread:419} INFO - finished convertVideoThread:/home/pi/video/20180625/20180625_090614_hc4_aaa_bbb_t1_r1_after.h264 fps:30
[2018-06-25 09:06:29,962] {treadmill_app.py myAfterRequest:60} DEBUG - after /videolist/home/pi/video/20180625
[2018-06-25 09:06:32,471] {treadmill_app.py videolist:175} DEBUG - ('videolist() is serving file:', '/home/pi/video/20180625/20180625_090614_hc4_aaa_bbb_t1_r1_after.mp4')
[2018-06-25 09:06:32,517] {treadmill_app.py myAfterRequest:60} DEBUG - after /videolist/home/pi/video/20180625/20180625_090614_hc4_aaa_bbb_t1_r1_after.mp4
[2018-06-25 09:06:32,715] {treadmill_app.py videolist:175} DEBUG - ('videolist() is serving file:', '/home/pi/video/20180625/20180625_090614_hc4_aaa_bbb_t1_r1_after.mp4')
[2018-06-25 09:06:32,753] {treadmill_app.py myAfterRequest:60} DEBUG - after /videolist/home/pi/video/20180625/20180625_090614_hc4_aaa_bbb_t1_r1_after.mp4
[2018-06-25 09:07:14,414] {treadmill.py startTrial:101} DEBUG - startTrial
[2018-06-25 09:07:14,426] {bCamera.py startArmVideo:267} DEBUG - startArmVideo()
[2018-06-25 09:07:14,439] {treadmill_app.py myAfterRequest:60} DEBUG - after /api/action/startTrial
[2018-06-25 09:07:14,440] {bTrial.py startTrial:423} DEBUG - startTrial startArmVideo=True
[2018-06-25 09:07:15,134] {bCamera.py armVideoThread:346} DEBUG - Start video file:20180625_090715_hc4_aaa_bbb_t2_r1_after.h264
[2018-06-25 09:07:24,152] {bTrial.py stopTrial:437} DEBUG - stopTrial
[2018-06-25 09:07:25,763] {bCamera.py convertVideoThread:409} INFO - starting convertVideoThread:/home/pi/video/20180625/20180625_090715_hc4_aaa_bbb_t2_r1_before.h264 fps:30
[2018-06-25 09:07:26,282] {bCamera.py convertVideoThread:419} INFO - finished convertVideoThread:/home/pi/video/20180625/20180625_090715_hc4_aaa_bbb_t2_r1_before.h264 fps:30
[2018-06-25 09:07:27,296] {bCamera.py convertVideoThread:409} INFO - starting convertVideoThread:/home/pi/video/20180625/20180625_090715_hc4_aaa_bbb_t2_r1_after.h264 fps:30
[2018-06-25 09:07:27,859] {bCamera.py convertVideoThread:419} INFO - finished convertVideoThread:/home/pi/video/20180625/20180625_090715_hc4_aaa_bbb_t2_r1_after.h264 fps:30
[2018-06-25 09:07:32,622] {treadmill_app.py myAfterRequest:60} DEBUG - after /videolist/home/pi/video/20180625
[2018-06-25 09:07:35,955] {treadmill_app.py videolist:175} DEBUG - ('videolist() is serving file:', '/home/pi/video/20180625/20180625_090715_hc4_aaa_bbb_t2_r1_after.mp4')
[2018-06-25 09:07:35,999] {treadmill_app.py myAfterRequest:60} DEBUG - after /videolist/home/pi/video/20180625/20180625_090715_hc4_aaa_bbb_t2_r1_after.mp4
[2018-06-25 09:07:36,151] {treadmill_app.py videolist:175} DEBUG - ('videolist() is serving file:', '/home/pi/video/20180625/20180625_090715_hc4_aaa_bbb_t2_r1_after.mp4')
[2018-06-25 09:07:36,203] {treadmill_app.py myAfterRequest:60} DEBUG - after /videolist/home/pi/video/20180625/20180625_090715_hc4_aaa_bbb_t2_r1_after.mp4
